<?xml version="1.0" encoding="UTF-8"?>
<!-- Generated by org.testng.reporters.JUnitReportReporter -->
<testsuite hostname="LAPTOP-VLJAIGCH" failures="0" tests="1" name="test.HomePage.RemdyLoginPageValidation" time="9.214" errors="0" timestamp="02 Feb 2023 09:05:21 GMT" skipped="0">
  <testcase classname="test.HomePage.RemdyLoginPageValidation" name="verifyLogIn" time="9.214"/>
</testsuite> <!-- test.HomePage.RemdyLoginPageValidation -->
